<?xml version="1.0" encoding="UTF-8"?>
<!-- Generated by org.testng.reporters.JUnitReportReporter -->
<testsuite hostname="sknrasool11-selenium-rcruv1vn4j3" failures="0" tests="12" name="MyRunner.TestRunner" time="429.967" errors="0" timestamp="09 Feb 2022 16:32:29 GMT" skipped="0">
  <testcase classname="MyRunner.TestRunner" name="feature" time="22.432"/>
  <testcase classname="MyRunner.TestRunner" name="feature" time="38.757"/>
  <testcase classname="MyRunner.TestRunner" name="feature" time="19.327"/>
  <testcase classname="MyRunner.TestRunner" name="feature" time="27.176"/>
  <testcase classname="MyRunner.TestRunner" name="feature" time="37.445"/>
  <testcase classname="MyRunner.TestRunner" name="feature" time="29.185"/>
  <testcase classname="MyRunner.TestRunner" name="feature" time="23.784"/>
  <testcase classname="MyRunner.TestRunner" name="feature" time="17.381"/>
  <testcase classname="MyRunner.TestRunner" name="feature" time="68.442"/>
  <testcase classname="MyRunner.TestRunner" name="feature" time="29.710"/>
  <testcase classname="MyRunner.TestRunner" name="feature" time="98.658"/>
  <testcase classname="MyRunner.TestRunner" name="feature" time="17.670"/>
</testsuite> <!-- MyRunner.TestRunner -->
