<?xml version="1.0" encoding="UTF-8"?>
<!-- Generated by org.testng.reporters.JUnitReportReporter -->
<testsuite hostname="sknrasool11-selenium-rcruv1vn4j3" failures="0" tests="12" name="MyRunner.TestRunner" time="405.495" errors="0" timestamp="09 Feb 2022 16:40:47 GMT" skipped="0">
  <testcase classname="MyRunner.TestRunner" name="feature" time="18.920"/>
  <testcase classname="MyRunner.TestRunner" name="feature" time="89.392"/>
  <testcase classname="MyRunner.TestRunner" name="feature" time="88.447"/>
  <testcase classname="MyRunner.TestRunner" name="feature" time="21.783"/>
  <testcase classname="MyRunner.TestRunner" name="feature" time="25.654"/>
  <testcase classname="MyRunner.TestRunner" name="feature" time="47.234"/>
  <testcase classname="MyRunner.TestRunner" name="feature" time="14.562"/>
  <testcase classname="MyRunner.TestRunner" name="feature" time="17.655"/>
  <testcase classname="MyRunner.TestRunner" name="feature" time="26.492"/>
  <testcase classname="MyRunner.TestRunner" name="feature" time="19.202"/>
  <testcase classname="MyRunner.TestRunner" name="feature" time="21.130"/>
  <testcase classname="MyRunner.TestRunner" name="feature" time="15.024"/>
</testsuite> <!-- MyRunner.TestRunner -->
